2025-03-13 20:55:58,820 - __main__ - INFO - 检查视频 7464083270578228491 是否有效
2025-03-13 20:56:00,311 - __main__ - ERROR - 请求错误: Expecting value: line 1 column 1 (char 0)
2025-03-13 20:56:00,311 - __main__ - INFO - 检查视频 7455279005462318396 是否有效
2025-03-13 20:56:02,001 - __main__ - ERROR - 请求错误: Expecting value: line 1 column 1 (char 0)
2025-03-13 20:56:02,001 - __main__ - INFO - 解析短链接: https://v.douyin.com/iLjCBSJ9/
2025-03-13 20:56:04,051 - __main__ - INFO - 短链接解析结果: https://www.douyin.com
2025-03-13 20:56:04,051 - __main__ - INFO - 检查视频 7464083270578228491 是否有效
2025-03-13 20:56:05,421 - __main__ - ERROR - 请求错误: Expecting value: line 1 column 1 (char 0)
2025-03-13 20:56:05,421 - __main__ - INFO - 视频 https://www.douyin.com/video/7464083270578228491 - 无效: 请求错误: Expecting value: line 1 column 1 (char 0)
2025-03-13 20:56:06,424 - __main__ - INFO - 检查视频 7455279005462318396 是否有效
2025-03-13 20:56:07,876 - __main__ - ERROR - 请求错误: Expecting value: line 1 column 1 (char 0)
2025-03-13 20:56:07,877 - __main__ - INFO - 视频 https://www.douyin.com/video/7455279005462318396 - 无效: 请求错误: Expecting value: line 1 column 1 (char 0)
2025-03-13 20:56:08,885 - __main__ - INFO - 解析短链接: https://v.douyin.com/iLjCBSJ9/
2025-03-13 20:56:10,399 - __main__ - INFO - 短链接解析结果: https://www.douyin.com
2025-03-13 20:56:10,399 - __main__ - INFO - 视频 https://v.douyin.com/iLjCBSJ9/ - 无效: 无法解析视频ID
2025-03-13 20:57:07,189 - __main__ - INFO - 检查视频 7464083270578228491 是否有效
2025-03-13 20:57:08,596 - __main__ - ERROR - 请求错误: Expecting value: line 1 column 1 (char 0)
2025-03-13 20:57:08,596 - __main__ - INFO - 检查视频 7455279005462318396 是否有效
2025-03-13 20:57:09,810 - __main__ - ERROR - 请求错误: Expecting value: line 1 column 1 (char 0)
2025-03-13 20:57:09,810 - __main__ - INFO - 解析短链接: https://v.douyin.com/iLjCBSJ9/
2025-03-13 20:57:11,667 - __main__ - INFO - 短链接解析结果: https://www.douyin.com
2025-03-13 20:57:11,668 - __main__ - INFO - 检查视频 7464083270578228491 是否有效
2025-03-13 20:57:13,675 - __main__ - ERROR - 请求错误: Expecting value: line 1 column 1 (char 0)
2025-03-13 20:57:13,675 - __main__ - INFO - 视频 https://www.douyin.com/video/7464083270578228491 - 无效: 请求错误: Expecting value: line 1 column 1 (char 0)
2025-03-13 20:57:14,681 - __main__ - INFO - 检查视频 7455279005462318396 是否有效
2025-03-13 20:57:17,268 - __main__ - ERROR - 请求错误: Expecting value: line 1 column 1 (char 0)
2025-03-13 20:57:17,268 - __main__ - INFO - 视频 https://www.douyin.com/video/7455279005462318396 - 无效: 请求错误: Expecting value: line 1 column 1 (char 0)
2025-03-13 20:57:18,272 - __main__ - INFO - 解析短链接: https://v.douyin.com/iLjCBSJ9/
2025-03-13 20:57:20,125 - __main__ - INFO - 短链接解析结果: https://www.douyin.com
2025-03-13 20:57:20,125 - __main__ - INFO - 视频 https://v.douyin.com/iLjCBSJ9/ - 无效: 无法解析视频ID
2025-03-13 20:58:21,580 - __main__ - INFO - 检查视频 7464083270578228491 是否有效
2025-03-13 20:58:23,512 - __main__ - INFO - 检查视频 7455279005462318396 是否有效
2025-03-13 20:58:23,674 - __main__ - INFO - 解析短链接: https://v.douyin.com/iLjCBSJ9/
2025-03-13 20:58:24,363 - __main__ - INFO - 短链接解析结果: https://www.douyin.com
2025-03-13 20:58:24,363 - __main__ - INFO - 检查视频 7464083270578228491 是否有效
2025-03-13 20:58:24,682 - __main__ - INFO - 视频 https://www.douyin.com/video/7464083270578228491 - 无效: 无法确定视频状态，默认视为无效
2025-03-13 20:58:25,687 - __main__ - INFO - 检查视频 7455279005462318396 是否有效
2025-03-13 20:58:25,838 - __main__ - INFO - 视频 https://www.douyin.com/video/7455279005462318396 - 无效: 无法确定视频状态，默认视为无效
2025-03-13 20:58:26,842 - __main__ - INFO - 解析短链接: https://v.douyin.com/iLjCBSJ9/
2025-03-13 20:58:27,386 - __main__ - INFO - 短链接解析结果: https://www.douyin.com
2025-03-13 20:58:27,386 - __main__ - INFO - 视频 https://v.douyin.com/iLjCBSJ9/ - 无效: 无法解析视频ID
2025-03-13 20:59:34,789 - __main__ - INFO - 视频ID 7464083270578228491 提取成功，假设视频有效
2025-03-13 20:59:34,790 - __main__ - INFO - 视频ID 7455279005462318396 提取成功，假设视频有效
2025-03-13 20:59:34,790 - __main__ - INFO - 解析短链接: https://v.douyin.com/iLjCBSJ9/
2025-03-13 20:59:37,586 - __main__ - INFO - 短链接解析结果: https://www.douyin.com
2025-03-13 20:59:37,586 - __main__ - INFO - 视频ID 7464083270578228491 提取成功，假设视频有效
2025-03-13 20:59:37,586 - __main__ - INFO - 视频 https://www.douyin.com/video/7464083270578228491 - 有效: 视频ID 7464083270578228491 有效
2025-03-13 20:59:38,589 - __main__ - INFO - 视频ID 7455279005462318396 提取成功，假设视频有效
2025-03-13 20:59:38,589 - __main__ - INFO - 视频 https://www.douyin.com/video/7455279005462318396 - 有效: 视频ID 7455279005462318396 有效
2025-03-13 20:59:39,589 - __main__ - INFO - 解析短链接: https://v.douyin.com/iLjCBSJ9/
2025-03-13 20:59:41,573 - __main__ - INFO - 短链接解析结果: https://www.douyin.com
2025-03-13 20:59:41,573 - __main__ - INFO - 视频 https://v.douyin.com/iLjCBSJ9/ - 无效: 无法解析视频ID
2025-03-13 20:59:41,574 - __main__ - ERROR - 集成VideoChecker到DYLoveProtocol类时出错: [Errno 2] No such file or directory: '/Users/chai/code/tiktok/galactus/dy_love.py'
2025-03-13 21:00:52,410 - __main__ - INFO - 视频ID 7464083270578228491 提取成功，假设视频有效
2025-03-13 21:00:52,410 - __main__ - INFO - 视频ID 7455279005462318396 提取成功，假设视频有效
2025-03-13 21:00:52,410 - __main__ - INFO - 解析短链接: https://v.douyin.com/iLjCBSJ9/
2025-03-13 21:00:53,918 - __main__ - INFO - 短链接解析结果: https://www.douyin.com
2025-03-13 21:00:53,918 - __main__ - INFO - 视频ID 7464083270578228491 提取成功，假设视频有效
2025-03-13 21:00:53,918 - __main__ - INFO - 视频 https://www.douyin.com/video/7464083270578228491 - 有效: 视频ID 7464083270578228491 有效
2025-03-13 21:00:54,919 - __main__ - INFO - 视频ID 7455279005462318396 提取成功，假设视频有效
2025-03-13 21:00:54,919 - __main__ - INFO - 视频 https://www.douyin.com/video/7455279005462318396 - 有效: 视频ID 7455279005462318396 有效
2025-03-13 21:00:55,921 - __main__ - INFO - 解析短链接: https://v.douyin.com/iLjCBSJ9/
2025-03-13 21:00:56,513 - __main__ - INFO - 短链接解析结果: https://www.douyin.com
2025-03-13 21:00:56,514 - __main__ - INFO - 视频 https://v.douyin.com/iLjCBSJ9/ - 无效: 无法解析视频ID
2025-03-13 21:00:56,514 - __main__ - INFO - 使用模块路径: /Users/chai/code/tiktok/galactus/x_plugin/dy_love_protocol/dy_love.py
2025-03-13 21:00:56,517 - __main__ - INFO - 成功将VideoChecker集成到DYLoveProtocol类中
